d:\gameuit_se102.j21\ninja gaiden\x64\debug\vc142.pdb
d:\gameuit_se102.j21\ninja gaiden\x64\debug\vc142.idb
d:\gameuit_se102.j21\ninja gaiden\x64\debug\objectitemdagger.obj
d:\gameuit_se102.j21\ninja gaiden\x64\debug\objectitembullet.obj
d:\gameuit_se102.j21\ninja gaiden\x64\debug\object.obj
d:\gameuit_se102.j21\ninja gaiden\x64\debug\maploader.obj
d:\gameuit_se102.j21\ninja gaiden\x64\debug\map.obj
d:\gameuit_se102.j21\ninja gaiden\x64\debug\loader.obj
d:\gameuit_se102.j21\ninja gaiden\x64\debug\grid.obj
d:\gameuit_se102.j21\ninja gaiden\x64\debug\gameglobal.obj
d:\gameuit_se102.j21\ninja gaiden\x64\debug\game.obj
d:\gameuit_se102.j21\ninja gaiden\x64\debug\enemysprite.obj
d:\gameuit_se102.j21\ninja gaiden\x64\debug\enemypanther.obj
d:\gameuit_se102.j21\ninja gaiden\x64\debug\enemygunman.obj
d:\gameuit_se102.j21\ninja gaiden\x64\debug\enemyfactory.obj
d:\gameuit_se102.j21\ninja gaiden\x64\debug\enemyeagle.obj
d:\gameuit_se102.j21\ninja gaiden\x64\debug\enemycloakman.obj
d:\gameuit_se102.j21\ninja gaiden\x64\debug\enemybazokaman.obj
d:\gameuit_se102.j21\ninja gaiden\x64\debug\collision.obj
d:\gameuit_se102.j21\ninja gaiden\x64\debug\cell.obj
d:\gameuit_se102.j21\ninja gaiden\x64\debug\camera.obj
d:\gameuit_se102.j21\ninja gaiden\x64\debug\animation.obj
d:\gameuit_se102.j21\ninja gaiden\x64\debug\spriteloader.obj
d:\gameuit_se102.j21\ninja gaiden\x64\debug\sprite.obj
d:\gameuit_se102.j21\ninja gaiden\x64\debug\scenemanager.obj
d:\gameuit_se102.j21\ninja gaiden\x64\debug\scene.obj
d:\gameuit_se102.j21\ninja gaiden\x64\debug\playscene.obj
d:\gameuit_se102.j21\ninja gaiden\x64\debug\playerstandingstate.obj
d:\gameuit_se102.j21\ninja gaiden\x64\debug\playersittingstate.obj
d:\gameuit_se102.j21\ninja gaiden\x64\debug\playerrunningstate.obj
d:\gameuit_se102.j21\ninja gaiden\x64\debug\playerjumpingstate.obj
d:\gameuit_se102.j21\ninja gaiden\x64\debug\playerinjuredstate.obj
d:\gameuit_se102.j21\ninja gaiden\x64\debug\playerfallingstate.obj
d:\gameuit_se102.j21\ninja gaiden\x64\debug\playerdeadstate.obj
d:\gameuit_se102.j21\ninja gaiden\x64\debug\playerclingingstate.obj
d:\gameuit_se102.j21\ninja gaiden\x64\debug\playerclimbingstate.obj
d:\gameuit_se102.j21\ninja gaiden\x64\debug\playerattackingstate.obj
d:\gameuit_se102.j21\ninja gaiden\x64\debug\player.obj
d:\gameuit_se102.j21\ninja gaiden\x64\debug\objectitemswingsword.obj
d:\gameuit_se102.j21\ninja gaiden\x64\debug\main.obj
d:\gameuit_se102.j21\ninja gaiden\x64\debug\objectitemsword.obj
d:\gameuit_se102.j21\ninja gaiden\x64\debug\objectitemshuriken.obj
d:\gameuit_se102.j21\ninja gaiden\x64\debug\textureloader.obj
d:\gameuit_se102.j21\ninja gaiden\x64\debug\texture.obj
d:\gameuit_se102.j21\ninja gaiden\x64\debug\enemyswordman.obj
d:\gameuit_se102.j21\ninja gaiden\x64\debug\demodirectx.ilk
d:\gameuit_se102.j21\ninja gaiden\x64\debug\demodirectx.exe
d:\gameuit_se102.j21\ninja gaiden\x64\debug\demodirectx.pdb
d:\gameuit_se102.j21\ninja gaiden\x64\debug\demodirectx.res
d:\gameuit_se102.j21\ninja gaiden\x64\debug\demodirectx.tlog\cl.command.1.tlog
d:\gameuit_se102.j21\ninja gaiden\x64\debug\demodirectx.tlog\cl.read.1.tlog
d:\gameuit_se102.j21\ninja gaiden\x64\debug\demodirectx.tlog\cl.write.1.tlog
d:\gameuit_se102.j21\ninja gaiden\x64\debug\demodirectx.tlog\link.command.1.tlog
d:\gameuit_se102.j21\ninja gaiden\x64\debug\demodirectx.tlog\link.read.1.tlog
d:\gameuit_se102.j21\ninja gaiden\x64\debug\demodirectx.tlog\link.write.1.tlog
d:\gameuit_se102.j21\ninja gaiden\x64\debug\demodirectx.tlog\rc.command.1.tlog
d:\gameuit_se102.j21\ninja gaiden\x64\debug\demodirectx.tlog\rc.read.1.tlog
d:\gameuit_se102.j21\ninja gaiden\x64\debug\demodirectx.tlog\rc.write.1.tlog
