c:\users\admin\desktop\directx tut-20190318t150959z-001\directx tut\10 - map objects\directxgame\demodirectx\debug\vc140.pdb
c:\users\admin\desktop\directx tut-20190318t150959z-001\directx tut\10 - map objects\directxgame\demodirectx\debug\vc140.idb
c:\users\admin\desktop\directx tut-20190318t150959z-001\directx tut\10 - map objects\directxgame\demodirectx\debug\base64.obj
c:\users\admin\desktop\directx tut-20190318t150959z-001\directx tut\10 - map objects\directxgame\demodirectx\debug\tinyxml2.obj
c:\users\admin\desktop\directx tut-20190318t150959z-001\directx tut\10 - map objects\directxgame\demodirectx\debug\tmxellipse.obj
c:\users\admin\desktop\directx tut-20190318t150959z-001\directx tut\10 - map objects\directxgame\demodirectx\debug\tmximage.obj
c:\users\admin\desktop\directx tut-20190318t150959z-001\directx tut\10 - map objects\directxgame\demodirectx\debug\tmximagelayer.obj
c:\users\admin\desktop\directx tut-20190318t150959z-001\directx tut\10 - map objects\directxgame\demodirectx\debug\tmxlayer.obj
c:\users\admin\desktop\directx tut-20190318t150959z-001\directx tut\10 - map objects\directxgame\demodirectx\debug\tmxmap.obj
c:\users\admin\desktop\directx tut-20190318t150959z-001\directx tut\10 - map objects\directxgame\demodirectx\debug\tmxobject.obj
c:\users\admin\desktop\directx tut-20190318t150959z-001\directx tut\10 - map objects\directxgame\demodirectx\debug\tmxobjectgroup.obj
c:\users\admin\desktop\directx tut-20190318t150959z-001\directx tut\10 - map objects\directxgame\demodirectx\debug\tmxpolygon.obj
c:\users\admin\desktop\directx tut-20190318t150959z-001\directx tut\10 - map objects\directxgame\demodirectx\debug\tmxpolyline.obj
c:\users\admin\desktop\directx tut-20190318t150959z-001\directx tut\10 - map objects\directxgame\demodirectx\debug\tmxpropertyset.obj
c:\users\admin\desktop\directx tut-20190318t150959z-001\directx tut\10 - map objects\directxgame\demodirectx\debug\tmxterrain.obj
c:\users\admin\desktop\directx tut-20190318t150959z-001\directx tut\10 - map objects\directxgame\demodirectx\debug\tmxterrainarray.obj
c:\users\admin\desktop\directx tut-20190318t150959z-001\directx tut\10 - map objects\directxgame\demodirectx\debug\tmxtile.obj
c:\users\admin\desktop\directx tut-20190318t150959z-001\directx tut\10 - map objects\directxgame\demodirectx\debug\tmxtilelayer.obj
c:\users\admin\desktop\directx tut-20190318t150959z-001\directx tut\10 - map objects\directxgame\demodirectx\debug\tmxtileoffset.obj
c:\users\admin\desktop\directx tut-20190318t150959z-001\directx tut\10 - map objects\directxgame\demodirectx\debug\tmxtileset.obj
c:\users\admin\desktop\directx tut-20190318t150959z-001\directx tut\10 - map objects\directxgame\demodirectx\debug\tmxutil.obj
c:\users\admin\desktop\directx tut-20190318t150959z-001\directx tut\10 - map objects\directxgame\demodirectx\debug\demoscene.obj
c:\users\admin\desktop\directx tut-20190318t150959z-001\directx tut\10 - map objects\directxgame\demodirectx\debug\game.obj
c:\users\admin\desktop\directx tut-20190318t150959z-001\directx tut\10 - map objects\directxgame\demodirectx\debug\gameglobal.obj
c:\users\admin\desktop\directx tut-20190318t150959z-001\directx tut\10 - map objects\directxgame\demodirectx\debug\gamemap.obj
c:\users\admin\desktop\directx tut-20190318t150959z-001\directx tut\10 - map objects\directxgame\demodirectx\debug\gametime.obj
c:\users\admin\desktop\directx tut-20190318t150959z-001\directx tut\10 - map objects\directxgame\demodirectx\debug\scene.obj
c:\users\admin\desktop\directx tut-20190318t150959z-001\directx tut\10 - map objects\directxgame\demodirectx\debug\sprite.obj
c:\users\admin\desktop\directx tut-20190318t150959z-001\directx tut\10 - map objects\directxgame\demodirectx\debug\scenemanager.obj
c:\users\admin\desktop\directx tut-20190318t150959z-001\directx tut\10 - map objects\directxgame\demodirectx\debug\entity.obj
c:\users\admin\desktop\directx tut-20190318t150959z-001\directx tut\10 - map objects\directxgame\demodirectx\debug\brick.obj
c:\users\admin\desktop\directx tut-20190318t150959z-001\directx tut\10 - map objects\directxgame\demodirectx\debug\brickgold.obj
c:\users\admin\desktop\directx tut-20190318t150959z-001\directx tut\10 - map objects\directxgame\demodirectx\debug\bricknormal.obj
c:\users\admin\desktop\directx tut-20190318t150959z-001\directx tut\10 - map objects\directxgame\demodirectx\debug\gameobject.obj
c:\users\admin\desktop\directx tut-20190318t150959z-001\directx tut\10 - map objects\directxgame\demodirectx\debug\player.obj
c:\users\admin\desktop\directx tut-20190318t150959z-001\directx tut\10 - map objects\directxgame\demodirectx\debug\playerdata.obj
c:\users\admin\desktop\directx tut-20190318t150959z-001\directx tut\10 - map objects\directxgame\demodirectx\debug\playerfallingstate.obj
c:\users\admin\desktop\directx tut-20190318t150959z-001\directx tut\10 - map objects\directxgame\demodirectx\debug\playerjumpingstate.obj
c:\users\admin\desktop\directx tut-20190318t150959z-001\directx tut\10 - map objects\directxgame\demodirectx\debug\playerrunningstate.obj
c:\users\admin\desktop\directx tut-20190318t150959z-001\directx tut\10 - map objects\directxgame\demodirectx\debug\playerstandingstate.obj
c:\users\admin\desktop\directx tut-20190318t150959z-001\directx tut\10 - map objects\directxgame\demodirectx\debug\playerstate.obj
c:\users\admin\desktop\directx tut-20190318t150959z-001\directx tut\10 - map objects\directxgame\demodirectx\debug\main.obj
c:\users\admin\desktop\directx tut-20190318t150959z-001\directx tut\10 - map objects\directxgame\demodirectx\debug\animation.obj
c:\users\admin\desktop\directx tut-20190318t150959z-001\directx tut\10 - map objects\directxgame\demodirectx\debug\camera.obj
c:\users\admin\desktop\directx tut-20190318t150959z-001\directx tut\10 - map objects\directxgame\demodirectx\debug\vc142.pdb
c:\users\admin\desktop\directx tut-20190318t150959z-001\directx tut\10 - map objects\directxgame\demodirectx\debug\vc142.idb
c:\users\admin\desktop\directx tut-20190318t150959z-001\directx tut\10 - map objects\directxgame\demodirectx\debug\miniz.obj
c:\users\admin\desktop\directx tut-20190318t150959z-001\directx tut\10 - map objects\directxgame\debug\demodirectx.exe
c:\users\admin\desktop\directx tut-20190318t150959z-001\directx tut\10 - map objects\directxgame\debug\demodirectx.ilk
c:\users\admin\desktop\directx tut-20190318t150959z-001\directx tut\10 - map objects\directxgame\debug\demodirectx.pdb
c:\users\admin\desktop\directx tut-20190318t150959z-001\directx tut\10 - map objects\directxgame\demodirectx\debug\demodirectx.tlog\cl.command.1.tlog
c:\users\admin\desktop\directx tut-20190318t150959z-001\directx tut\10 - map objects\directxgame\demodirectx\debug\demodirectx.tlog\cl.read.1.tlog
c:\users\admin\desktop\directx tut-20190318t150959z-001\directx tut\10 - map objects\directxgame\demodirectx\debug\demodirectx.tlog\cl.write.1.tlog
c:\users\admin\desktop\directx tut-20190318t150959z-001\directx tut\10 - map objects\directxgame\demodirectx\debug\demodirectx.tlog\link.command.1.tlog
c:\users\admin\desktop\directx tut-20190318t150959z-001\directx tut\10 - map objects\directxgame\demodirectx\debug\demodirectx.tlog\link.delete.1.tlog
c:\users\admin\desktop\directx tut-20190318t150959z-001\directx tut\10 - map objects\directxgame\demodirectx\debug\demodirectx.tlog\link.read.1.tlog
c:\users\admin\desktop\directx tut-20190318t150959z-001\directx tut\10 - map objects\directxgame\demodirectx\debug\demodirectx.tlog\link.write.1.tlog
